<?xml version="1.0" encoding="UTF-8"?>
<testsuite name="com.samples.UserValidatorTest" tests="1" skipped="0" failures="0" errors="0" timestamp="2020-10-06T11:37:18" hostname="DESKTOP-25DPEJS" time="0.01">
  <properties/>
  <testcase name="givenFisrtName_WhenNotProper_ShouldReturnFalse" classname="com.samples.UserValidatorTest" time="0.01"/>
  <system-out><![CDATA[]]></system-out>
  <system-err><![CDATA[]]></system-err>
</testsuite>
